<?xml version="1.0" encoding="UTF-8"?>
<!-- Generated by org.testng.reporters.JUnitReportReporter -->
<testsuite name="com.jbk.test.mainPageTest" tests="1" time="7.424" ignored="0" failures="0" timestamp="18 Aug 2021 14:18:31 GMT" skipped="0" hostname="LAPTOP-OG1MPQRN" errors="0">
  <testcase name="validateMsg" time="7.424" classname="com.jbk.test.mainPageTest"/>
</testsuite> <!-- com.jbk.test.mainPageTest -->
