<?xml version="1.0" encoding="UTF-8"?>
<!-- Generated by org.testng.reporters.JUnitReportReporter -->
<testsuite name="com.jbk.test.HomePageTest" tests="1" time="3.408" ignored="1" failures="0" timestamp="22 Aug 2021 11:21:20 GMT" skipped="0" hostname="LAPTOP-OG1MPQRN" errors="0">
  <testcase name="validate" time="3.408" classname="com.jbk.test.HomePageTest"/>
  <testcase name="validateMsg" classname="com.jbk.test.HomePageTest">
    <skipped/>
  </testcase> <!-- validateMsg -->
</testsuite> <!-- com.jbk.test.HomePageTest -->
